<?xml version="1.0" encoding="UTF-8"?>
<!-- Generated by org.testng.reporters.JUnitReportReporter -->
<testsuite name="com.wikipedia.tests.WikipediaBookCreationTest" tests="1" time="44.462" ignored="0" failures="0" timestamp="18 dic 2016 16:57:44 GMT" skipped="0" hostname="Arturo-PC" errors="0">
  <testcase name="createTopicBook" time="44.462" classname="com.wikipedia.tests.WikipediaBookCreationTest"/>
</testsuite> <!-- com.wikipedia.tests.WikipediaBookCreationTest -->
